<?xml version="1.0" encoding="UTF-8"?>
<testng-results ignored="9" total="10" passed="1" failed="0" skipped="0">
  <reporter-output>
  </reporter-output>
  <suite started-at="2021-07-12T07:39:10Z" name="Default suite" finished-at="2021-07-12T07:39:27Z" duration-ms="16719">
    <groups>
    </groups>
    <test started-at="2021-07-12T07:39:10Z" name="Default test" finished-at="2021-07-12T07:39:27Z" duration-ms="16719">
      <class name="testNg.asPaintTestNg">
        <test-method is-config="true" signature="beforeSuite()[pri:0, instance:testNg.asPaintTestNg@563e4951]" started-at="2021-07-12T07:39:10Z" name="beforeSuite" finished-at="2021-07-12T07:39:10Z" duration-ms="10" status="PASS">
          <reporter-output>
          </reporter-output>
        </test-method> <!-- beforeSuite -->
        <test-method is-config="true" signature="beforeTest()[pri:0, instance:testNg.asPaintTestNg@563e4951]" started-at="2021-07-12T07:39:10Z" name="beforeTest" finished-at="2021-07-12T07:39:23Z" duration-ms="13093" status="PASS">
          <reporter-output>
          </reporter-output>
        </test-method> <!-- beforeTest -->
        <test-method signature="EnquireFormWithInvalidPincode()[pri:5, instance:testNg.asPaintTestNg@563e4951]" started-at="2021-07-12T07:39:23Z" name="EnquireFormWithInvalidPincode" finished-at="2021-07-12T07:39:26Z" duration-ms="2900" status="PASS">
          <reporter-output>
          </reporter-output>
        </test-method> <!-- EnquireFormWithInvalidPincode -->
        <test-method is-config="true" signature="afterTest()[pri:0, instance:testNg.asPaintTestNg@563e4951]" started-at="2021-07-12T07:39:26Z" name="afterTest" finished-at="2021-07-12T07:39:27Z" duration-ms="703" status="PASS">
          <reporter-output>
          </reporter-output>
        </test-method> <!-- afterTest -->
      </class> <!-- testNg.asPaintTestNg -->
    </test> <!-- Default test -->
  </suite> <!-- Default suite -->
</testng-results>
