<?xml version="1.0" encoding="UTF-8"?>
<!-- Generated by org.testng.reporters.JUnitXMLReporter -->
<testsuite ignored="9" hostname="DIN33000075" failures="0" tests="1" name="Default test" time="16.719" errors="0" timestamp="12 Jul 2021 07:39:27 GMT">
  <testcase classname="testNg.asPaintTestNg" name="EnquireFormWithInvalidPincode" time="2.9"/>
  <testcase classname="testNg.asPaintTestNg" name="EnquireFormWithValidData" time="0.0">
    <ignored/>
  </testcase> <!-- EnquireFormWithValidData -->
  <testcase classname="testNg.asPaintTestNg" name="iosAppstoreLink" time="0.0">
    <ignored/>
  </testcase> <!-- iosAppstoreLink -->
  <testcase classname="testNg.asPaintTestNg" name="appDownloadSmsInvalidNumber" time="0.0">
    <ignored/>
  </testcase> <!-- appDownloadSmsInvalidNumber -->
  <testcase classname="testNg.asPaintTestNg" name="appDownloadSmsValidNumber" time="0.0">
    <ignored/>
  </testcase> <!-- appDownloadSmsValidNumber -->
  <testcase classname="testNg.asPaintTestNg" name="EnquireFormWithInvalidEmail" time="0.0">
    <ignored/>
  </testcase> <!-- EnquireFormWithInvalidEmail -->
  <testcase classname="testNg.asPaintTestNg" name="EnquireFormWithInvalidMobile" time="0.0">
    <ignored/>
  </testcase> <!-- EnquireFormWithInvalidMobile -->
  <testcase classname="testNg.asPaintTestNg" name="EnquireFormWithInvalidName" time="0.0">
    <ignored/>
  </testcase> <!-- EnquireFormWithInvalidName -->
  <testcase classname="testNg.asPaintTestNg" name="exploreStore" time="0.0">
    <ignored/>
  </testcase> <!-- exploreStore -->
  <testcase classname="testNg.asPaintTestNg" name="androidPlaystoreLink" time="0.0">
    <ignored/>
  </testcase> <!-- androidPlaystoreLink -->
</testsuite> <!-- Default test -->
