<?xml version="1.0" encoding="UTF-8"?>
<!-- Generated by org.testng.reporters.JUnitXMLReporter -->
<testsuite ignored="0" hostname="DIN33000075" failures="0" tests="5" name="Default test" time="79.543" errors="0" timestamp="09 Jul 2021 11:15:23 GMT">
  <testcase classname="testNg.asPaintTestNg" name="EnquireFormWithValidData" time="2.994"/>
  <testcase classname="testNg.asPaintTestNg" name="EnquireFormWithInvalidName" time="3.048"/>
  <testcase classname="testNg.asPaintTestNg" name="EnquireFormWithInvalidEmail" time="2.984"/>
  <testcase classname="testNg.asPaintTestNg" name="EnquireFormWithInvalidMobile" time="3.014"/>
  <testcase classname="testNg.asPaintTestNg" name="EnquireFormWithInvalidPincode" time="2.876"/>
</testsuite> <!-- Default test -->
