<?xml version="1.0" encoding="UTF-8"?>
<!-- Generated by org.testng.reporters.JUnitXMLReporter -->
<testsuite ignored="0" hostname="DIN33000075" failures="0" tests="5" name="Test" time="67.133" errors="0" timestamp="11 Jul 2021 15:12:24 GMT">
  <testcase classname="testNg.asPaintTestNg" name="EnquireFormWithValidData" time="3.086"/>
  <testcase classname="testNg.asPaintTestNg" name="EnquireFormWithInvalidName" time="3.073"/>
  <testcase classname="testNg.asPaintTestNg" name="EnquireFormWithInvalidEmail" time="2.79"/>
  <testcase classname="testNg.asPaintTestNg" name="EnquireFormWithInvalidMobile" time="2.857"/>
  <testcase classname="testNg.asPaintTestNg" name="EnquireFormWithInvalidPincode" time="3.023"/>
</testsuite> <!-- Test -->
